2024-05-21 21:17:36,208 : WARN  : ModalContext :  : Node : k-Means : 3:18:0:29 : Errors loading flow variables into node : Errors overwriting node settings with flow variables: Unknown variable "Best parameters"
2024-05-21 21:17:38,118 : WARN  : ModalContext :  : Node : Statistics View : 3:3 : The selected column "SpecialDay" does not exist in the table
2024-05-21 21:17:38,127 : WARN  : ModalContext :  : Node : Statistics View : 3:3 : The selected column "SpecialDay" does not exist in the table
2024-05-21 21:27:26,078 : WARN  : comm-pool-thread-6 :  : Node : IF Switch : 3:108:0:121:72 : Errors loading flow variables into node : Errors overwriting node settings with flow variables: Unknown variable "Unique count(class)"
2024-05-21 21:28:14,385 : WARN  : main :  : Node : IF Switch : 3:108:0:121:72 : Errors loading flow variables into node : Errors overwriting node settings with flow variables: Unknown variable "Unique count(class)"
2024-05-21 21:28:15,470 : WARN  : main :  : Node : IF Switch : 3:108:0:121:72 : Errors loading flow variables into node : Errors overwriting node settings with flow variables: Unknown variable "Unique count(class)"
2024-05-21 21:28:17,153 : WARN  : KNIME-Worker-3-Inject Variables (Data) 3:108:0:36 :  : Node : IF Switch : 3:108:0:121:72 : Errors loading flow variables into node : Errors overwriting node settings with flow variables: Unknown variable "Unique count(class)"
2024-05-21 21:28:17,155 : WARN  : KNIME-Worker-4-IF Switch 3:108:0:121:47 :  : Node : IF Switch : 3:108:0:121:72 : Errors loading flow variables into node : Errors overwriting node settings with flow variables: Unknown variable "Unique count(class)"
2024-05-21 22:47:49,452 : WARN  : comm-pool-thread-16 :  : Node : IF Switch : 3:108:0:124:47 : Errors loading flow variables into node : Errors overwriting node settings with flow variables: Unknown variable "k-Means"
2024-05-21 22:47:52,043 : WARN  : comm-pool-thread-16 :  : Node : IF Switch : 3:108:0:124:72 : Errors loading flow variables into node : Errors overwriting node settings with flow variables: Unknown variable "Unique count(class)"
2024-09-12 11:46:31,021 : WARN  : comm-pool-thread-14 :  : Node : CSV Reader : 3:19 : Please specify a file
2024-09-12 11:46:52,026 : WARN  : main :  : WrappedNodeDialog : Optimized K-Means (Silhouette Coefficient) : 3:18 : failed to apply settings: At least one column must be selected!
org.knime.core.node.InvalidSettingsException: At least one column must be selected!
	at org.knime.core.node.util.CheckUtils.checkSetting(CheckUtils.java:273)
	at org.knime.core.node.util.CheckUtils.checkSetting(CheckUtils.java:223)
	at org.knime.js.base.node.base.validation.min.column.MinNumColumnsValidatorFactory.lambda$0(MinNumColumnsValidatorFactory.java:83)
	at org.knime.js.base.node.base.validation.Validator$1.validateSpec(Validator.java:79)
	at org.knime.js.base.node.base.validation.modular.ModularValidator.validateSpec(ModularValidator.java:78)
	at org.knime.js.base.node.configuration.filter.column.ColumnFilterDialogNodeModel.validateUserSettings(ColumnFilterDialogNodeModel.java:200)
	at org.knime.js.base.node.configuration.filter.column.ColumnFilterConfigurationPanel.createNodeValue(ColumnFilterConfigurationPanel.java:113)
	at org.knime.js.base.node.configuration.filter.column.ColumnFilterConfigurationPanel.createNodeValue(ColumnFilterConfigurationPanel.java:1)
	at org.knime.js.base.node.configuration.AbstractDialogNodeConfigurationPanel.getNodeValue(AbstractDialogNodeConfigurationPanel.java:146)
	at org.knime.core.node.workflow.MetaNodeDialogPane.saveSettingsTo(MetaNodeDialogPane.java:283)
	at org.knime.core.node.NodeDialogPane.internalSaveSettingsTo(NodeDialogPane.java:539)
	at org.knime.core.node.NodeDialogPane$4.run(NodeDialogPane.java:778)
	at org.knime.core.node.util.ViewUtils$3.run(ViewUtils.java:353)
	at org.knime.core.node.util.ViewUtils$2.run(ViewUtils.java:155)
	at java.desktop/java.awt.event.InvocationEvent.dispatch(Unknown Source)
	at java.desktop/java.awt.EventQueue.dispatchEventImpl(Unknown Source)
	at java.desktop/java.awt.EventQueue$4.run(Unknown Source)
	at java.desktop/java.awt.EventQueue$4.run(Unknown Source)
	at java.base/java.security.AccessController.doPrivileged(Unknown Source)
	at java.base/java.security.ProtectionDomain$JavaSecurityAccessImpl.doIntersectionPrivilege(Unknown Source)
	at java.desktop/java.awt.EventQueue.dispatchEvent(Unknown Source)
	at java.desktop/java.awt.EventDispatchThread.pumpOneEventForFilters(Unknown Source)
	at java.desktop/java.awt.EventDispatchThread.pumpEventsForFilter(Unknown Source)
	at java.desktop/java.awt.EventDispatchThread.pumpEventsForHierarchy(Unknown Source)
	at java.desktop/java.awt.EventDispatchThread.pumpEvents(Unknown Source)
	at java.desktop/java.awt.EventDispatchThread.pumpEvents(Unknown Source)
	at java.desktop/java.awt.EventDispatchThread.run(Unknown Source)
2024-09-12 11:46:53,808 : WARN  : main :  : WrappedNodeDialog : Optimized K-Means (Silhouette Coefficient) : 3:18 : failed to apply settings: At least one column must be selected!
org.knime.core.node.InvalidSettingsException: At least one column must be selected!
	at org.knime.core.node.util.CheckUtils.checkSetting(CheckUtils.java:273)
	at org.knime.core.node.util.CheckUtils.checkSetting(CheckUtils.java:223)
	at org.knime.js.base.node.base.validation.min.column.MinNumColumnsValidatorFactory.lambda$0(MinNumColumnsValidatorFactory.java:83)
	at org.knime.js.base.node.base.validation.Validator$1.validateSpec(Validator.java:79)
	at org.knime.js.base.node.base.validation.modular.ModularValidator.validateSpec(ModularValidator.java:78)
	at org.knime.js.base.node.configuration.filter.column.ColumnFilterDialogNodeModel.validateUserSettings(ColumnFilterDialogNodeModel.java:200)
	at org.knime.js.base.node.configuration.filter.column.ColumnFilterConfigurationPanel.createNodeValue(ColumnFilterConfigurationPanel.java:113)
	at org.knime.js.base.node.configuration.filter.column.ColumnFilterConfigurationPanel.createNodeValue(ColumnFilterConfigurationPanel.java:1)
	at org.knime.js.base.node.configuration.AbstractDialogNodeConfigurationPanel.getNodeValue(AbstractDialogNodeConfigurationPanel.java:146)
	at org.knime.core.node.workflow.MetaNodeDialogPane.saveSettingsTo(MetaNodeDialogPane.java:283)
	at org.knime.core.node.NodeDialogPane.internalSaveSettingsTo(NodeDialogPane.java:539)
	at org.knime.core.node.NodeDialogPane$4.run(NodeDialogPane.java:778)
	at org.knime.core.node.util.ViewUtils$3.run(ViewUtils.java:353)
	at org.knime.core.node.util.ViewUtils$2.run(ViewUtils.java:155)
	at java.desktop/java.awt.event.InvocationEvent.dispatch(Unknown Source)
	at java.desktop/java.awt.EventQueue.dispatchEventImpl(Unknown Source)
	at java.desktop/java.awt.EventQueue$4.run(Unknown Source)
	at java.desktop/java.awt.EventQueue$4.run(Unknown Source)
	at java.base/java.security.AccessController.doPrivileged(Unknown Source)
	at java.base/java.security.ProtectionDomain$JavaSecurityAccessImpl.doIntersectionPrivilege(Unknown Source)
	at java.desktop/java.awt.EventQueue.dispatchEvent(Unknown Source)
	at java.desktop/java.awt.EventDispatchThread.pumpOneEventForFilters(Unknown Source)
	at java.desktop/java.awt.EventDispatchThread.pumpEventsForFilter(Unknown Source)
	at java.desktop/java.awt.EventDispatchThread.pumpEventsForHierarchy(Unknown Source)
	at java.desktop/java.awt.EventDispatchThread.pumpEvents(Unknown Source)
	at java.desktop/java.awt.EventDispatchThread.pumpEvents(Unknown Source)
	at java.desktop/java.awt.EventDispatchThread.run(Unknown Source)
2024-09-12 11:46:56,484 : WARN  : KNIME-Worker-1-CSV Reader 3:19 :  : Node : k-Means : 3:18:0:29 : Errors loading flow variables into node : Errors overwriting node settings with flow variables: Unknown variable "Best parameters"
2024-09-12 11:47:09,981 : WARN  : main :  : Node : k-Means : 3:18:0:29 : Errors loading flow variables into node : Errors overwriting node settings with flow variables: Unknown variable "Best parameters"
2024-09-12 11:47:10,440 : WARN  : main :  : Node : k-Means : 3:18:0:29 : Errors loading flow variables into node : Errors overwriting node settings with flow variables: Unknown variable "Best parameters"
2024-09-12 12:31:06,830 : WARN  : KNIME-Worker-3-Component Input 3:18:0:21 :  : Node : k-Means : 3:18:0:29 : Errors loading flow variables into node : Errors overwriting node settings with flow variables: Unknown variable "Best parameters"
2024-09-12 12:31:06,846 : WARN  : KNIME-Worker-5-Column Name Extractor 3:18:0:51 :  : Node : k-Means : 3:18:0:29 : Errors loading flow variables into node : Errors overwriting node settings with flow variables: Unknown variable "Best parameters"
2024-09-12 14:41:09,903 : ERROR : ModalContext :  : LoadWorkflowRunnable :  :  : Errors during load: Status: DataLoadError: DBSCAN(CAAK) 3 loaded with error during data load
2024-09-12 14:41:09,906 : ERROR : ModalContext :  : LoadWorkflowRunnable :  :  :   Status: DataLoadError: DBSCAN(CAAK) 3
2024-09-12 14:41:09,906 : ERROR : ModalContext :  : LoadWorkflowRunnable :  :  :     Status: DataLoadError: Optimized K-Means (Silhouette Coefficient) 3:18
2024-09-12 14:41:09,906 : ERROR : ModalContext :  : LoadWorkflowRunnable :  :  :       Status: DataLoadError: k-Means 3:18:0:29
2024-09-12 14:41:09,906 : ERROR : ModalContext :  : LoadWorkflowRunnable :  :  :         Status: DataLoadError: Loading model internals failed: org.knime.core.node.InvalidSettingsException: ConfigBase for key "kMeansCluster2" not found.
2024-09-13 00:48:47,992 : ERROR : ModalContext :  : LoadWorkflowRunnable :  :  : Errors during load: Status: DataLoadError: DBSCAN(CAAK) 3 loaded with error during data load
2024-09-13 00:48:47,996 : ERROR : ModalContext :  : LoadWorkflowRunnable :  :  :   Status: DataLoadError: DBSCAN(CAAK) 3
2024-09-13 00:48:47,997 : ERROR : ModalContext :  : LoadWorkflowRunnable :  :  :     Status: DataLoadError: Optimized K-Means (Silhouette Coefficient) 3:18
2024-09-13 00:48:47,997 : ERROR : ModalContext :  : LoadWorkflowRunnable :  :  :       Status: DataLoadError: k-Means 3:18:0:29
2024-09-13 00:48:47,998 : ERROR : ModalContext :  : LoadWorkflowRunnable :  :  :         Status: DataLoadError: Loading model internals failed: org.knime.core.node.InvalidSettingsException: ConfigBase for key "kMeansCluster2" not found.
2024-09-13 00:48:57,237 : ERROR : KNIME-Worker-0 :  : DesktopAPUtil :  :  : Could not check for updates
java.net.UnknownHostException: update.knime.com
	at java.base/sun.nio.ch.NioSocketImpl.connect(Unknown Source)
	at java.base/java.net.SocksSocketImpl.connect(Unknown Source)
	at java.base/java.net.Socket.connect(Unknown Source)
	at java.base/sun.security.ssl.SSLSocketImpl.connect(Unknown Source)
	at java.base/sun.net.NetworkClient.doConnect(Unknown Source)
	at java.base/sun.net.www.http.HttpClient.openServer(Unknown Source)
	at java.base/sun.net.www.http.HttpClient.openServer(Unknown Source)
	at java.base/sun.net.www.protocol.https.HttpsClient.<init>(Unknown Source)
	at java.base/sun.net.www.protocol.https.HttpsClient.New(Unknown Source)
	at java.base/sun.net.www.protocol.https.AbstractDelegateHttpsURLConnection.getNewHttpClient(Unknown Source)
	at java.base/sun.net.www.protocol.http.HttpURLConnection.plainConnect0(Unknown Source)
	at java.base/sun.net.www.protocol.http.HttpURLConnection.plainConnect(Unknown Source)
	at java.base/sun.net.www.protocol.https.AbstractDelegateHttpsURLConnection.connect(Unknown Source)
	at java.base/sun.net.www.protocol.https.HttpsURLConnectionImpl.connect(Unknown Source)
	at org.knime.core.eclipseUtil.UpdateChecker.checkForNewRelease(UpdateChecker.java:181)
	at org.knime.product.rcp.intro.UpdateDetector.checkForNewRelease(UpdateDetector.java:97)
	at org.knime.ui.java.util.DesktopAPUtil.checkForUpdate(DesktopAPUtil.java:241)
	at org.knime.gateway.impl.webui.UpdateStateProvider.lambda$0(UpdateStateProvider.java:86)
	at java.base/java.util.concurrent.Executors$RunnableAdapter.call(Unknown Source)
	at java.base/java.util.concurrent.FutureTask.run(Unknown Source)
	at org.knime.core.util.ThreadPool$MyFuture.run(ThreadPool.java:123)
	at org.knime.core.util.ThreadPool$Worker.run(ThreadPool.java:246)
2024-09-13 00:49:11,128 : ERROR : ModalContext :  : LoadWorkflowRunnable :  :  : Errors during load: Status: DataLoadError: K-Means(CAAK) 4 loaded with error during data load
2024-09-13 00:49:11,128 : ERROR : ModalContext :  : LoadWorkflowRunnable :  :  :   Status: DataLoadError: K-Means(CAAK) 4
2024-09-13 00:49:11,129 : ERROR : ModalContext :  : LoadWorkflowRunnable :  :  :     Status: DataLoadError: DBSCAN 4:137
2024-09-13 00:49:11,129 : ERROR : ModalContext :  : LoadWorkflowRunnable :  :  :       Status: DataLoadError: DBSCAN (3.7) 4:137:0:135
2024-09-13 00:49:11,129 : ERROR : ModalContext :  : LoadWorkflowRunnable :  :  :         Status: DataLoadError: Loading model internals failed: null
2024-09-13 00:49:11,130 : ERROR : ModalContext :  : LoadWorkflowRunnable :  :  :       Status: DataLoadError: Weka Cluster Assigner (3.7) 4:137:0:136
2024-09-13 00:49:11,130 : ERROR : ModalContext :  : LoadWorkflowRunnable :  :  :         Status: DataLoadError: Loading model internals failed: null
2024-09-13 00:49:11,130 : ERROR : ModalContext :  : LoadWorkflowRunnable :  :  :       Status: DataLoadError: DBSCAN (3.7) 4:137:0:144
2024-09-13 00:49:11,130 : ERROR : ModalContext :  : LoadWorkflowRunnable :  :  :         Status: DataLoadError: Loading model internals failed: null
2024-09-13 00:49:11,131 : ERROR : ModalContext :  : LoadWorkflowRunnable :  :  :       Status: DataLoadError: Weka Cluster Assigner (3.7) 4:137:0:146
2024-09-13 00:49:11,131 : ERROR : ModalContext :  : LoadWorkflowRunnable :  :  :         Status: DataLoadError: Loading model internals failed: null
2024-09-13 00:49:11,645 : WARN  : comm-pool-thread-2 :  : JsonRpcErrorResolver :  :  : An unexpected json rpc error occurred
jakarta.ws.rs.ProcessingException: java.net.UnknownHostException: UnknownHostException invoking https://api.hub.knime.com/knime/rest/v4/repository/*XCtuVNVeuqHSQkqk?details=full&contribSpaces=children: api.hub.knime.com
	at org.apache.cxf.jaxrs.client.AbstractClient.checkClientException(AbstractClient.java:638)
	at org.apache.cxf.jaxrs.client.AbstractClient.preProcessResult(AbstractClient.java:612)
	at org.apache.cxf.jaxrs.client.WebClient.doResponse(WebClient.java:1149)
	at org.apache.cxf.jaxrs.client.WebClient.doChainedInvocation(WebClient.java:1086)
	at org.apache.cxf.jaxrs.client.WebClient.doInvoke(WebClient.java:931)
	at org.apache.cxf.jaxrs.client.WebClient.doInvoke(WebClient.java:900)
	at org.apache.cxf.jaxrs.client.WebClient.invoke(WebClient.java:363)
	at org.apache.cxf.jaxrs.client.WebClient.get(WebClient.java:389)
	at com.knime.enterprise.client.rest.HubContent.getFullRepositoryItemNoAuth(HubContent.java:268)
	at com.knime.enterprise.client.rest.HubContent.getRepositoryItemById(HubContent.java:217)
	at com.knime.enterprise.client.rest.HubContent.getRepositoryItem(HubContent.java:292)
	at com.knime.explorer.server.hub.HubExplorerFileStore.extractPathUri(HubExplorerFileStore.java:299)
	at com.knime.explorer.server.hub.HubExplorerFileStore.<init>(HubExplorerFileStore.java:101)
	at com.knime.explorer.server.internal.WorkflowHubContentProvider.getFileStore(WorkflowHubContentProvider.java:838)
	at com.knime.explorer.server.internal.WorkflowHubContentProvider.getFileStore(WorkflowHubContentProvider.java:1)
	at org.knime.workbench.explorer.filesystem.ExplorerFileSystem.getStore(ExplorerFileSystem.java:118)
	at org.knime.workbench.explorer.pathresolve.URIToFileResolveImpl.toDescription(URIToFileResolveImpl.java:311)
	at org.knime.core.util.pathresolve.ResolverUtil.toDescription(ResolverUtil.java:288)
	at org.knime.core.node.workflow.TemplateUpdateUtil.fillNodeUpdateStates(TemplateUpdateUtil.java:378)
	at org.knime.core.ui.component.CheckForComponentUpdatesUtil.checkForComponentUpdatesAndSetUpdateStatusWithContext(CheckForComponentUpdatesUtil.java:134)
	at org.knime.core.ui.component.CheckForComponentUpdatesUtil.checkForComponentUpdatesAndSetUpdateStatus(CheckForComponentUpdatesUtil.java:106)
	at org.knime.gateway.impl.webui.service.DefaultWorkflowService.getLinkUpdates(DefaultWorkflowService.java:141)
	at org.knime.gateway.impl.webui.jsonrpc.service.JsonRpcWorkflowServiceWrapper.getLinkUpdates(JsonRpcWorkflowServiceWrapper.java:108)
	at java.base/jdk.internal.reflect.NativeMethodAccessorImpl.invoke0(Native Method)
	at java.base/jdk.internal.reflect.NativeMethodAccessorImpl.invoke(Unknown Source)
	at java.base/jdk.internal.reflect.DelegatingMethodAccessorImpl.invoke(Unknown Source)
	at java.base/java.lang.reflect.Method.invoke(Unknown Source)
	at com.googlecode.jsonrpc4j.JsonRpcBasicServer.invoke(JsonRpcBasicServer.java:478)
	at com.googlecode.jsonrpc4j.JsonRpcBasicServer.handleObject(JsonRpcBasicServer.java:349)
	at com.googlecode.jsonrpc4j.JsonRpcBasicServer.handleJsonNodeRequest(JsonRpcBasicServer.java:274)
	at com.googlecode.jsonrpc4j.JsonRpcBasicServer.handleRequest(JsonRpcBasicServer.java:242)
	at org.knime.gateway.impl.jsonrpc.JsonRpcRequestHandler.handle(JsonRpcRequestHandler.java:104)
	at org.knime.ui.java.browser.lifecycle.Init.lambda$5(Init.java:244)
	at com.equo.comm.common.MessageHandler.processReceivedEventMessage(MessageHandler.java:131)
	at com.equo.comm.ee.provider.service.ChromiumService.receiveMessage(ChromiumService.java:98)
	at com.equo.comm.ee.provider.CommunicationManagerChromiumImpl.receiveMessage(CommunicationManagerChromiumImpl.java:48)
	at com.equo.chromium.swt.internal.spi.CommRouterHandler.handleRequest(CommRouterHandler.java:33)
	at com.equo.chromium.swt.internal.spi.CommRouterHandler.lambda$1(CommRouterHandler.java:51)
	at java.base/java.util.concurrent.ThreadPoolExecutor.runWorker(Unknown Source)
	at java.base/java.util.concurrent.ThreadPoolExecutor$Worker.run(Unknown Source)
	at java.base/java.lang.Thread.run(Unknown Source)
Caused by: java.net.UnknownHostException: UnknownHostException invoking https://api.hub.knime.com/knime/rest/v4/repository/*XCtuVNVeuqHSQkqk?details=full&contribSpaces=children: api.hub.knime.com
	at java.base/jdk.internal.reflect.NativeConstructorAccessorImpl.newInstance0(Native Method)
	at java.base/jdk.internal.reflect.NativeConstructorAccessorImpl.newInstance(Unknown Source)
	at java.base/jdk.internal.reflect.DelegatingConstructorAccessorImpl.newInstance(Unknown Source)
	at java.base/java.lang.reflect.Constructor.newInstanceWithCaller(Unknown Source)
	at java.base/java.lang.reflect.Constructor.newInstance(Unknown Source)
	at org.apache.cxf.transport.http.HTTPConduit$WrappedOutputStream.mapException(HTTPConduit.java:1452)
	at org.apache.cxf.transport.http.HTTPConduit$WrappedOutputStream.close(HTTPConduit.java:1433)
	at org.apache.cxf.io.AbstractWrappedOutputStream.close(AbstractWrappedOutputStream.java:77)
	at org.apache.cxf.transport.AbstractConduit.close(AbstractConduit.java:56)
	at org.apache.cxf.transport.http.HTTPConduit.close(HTTPConduit.java:717)
	at org.apache.cxf.transport.http.HttpClientHTTPConduit.close(HttpClientHTTPConduit.java:112)
	at org.apache.cxf.interceptor.MessageSenderInterceptor$MessageSenderEndingInterceptor.handleMessage(MessageSenderInterceptor.java:63)
	at org.apache.cxf.phase.PhaseInterceptorChain.doIntercept(PhaseInterceptorChain.java:307)
	at org.apache.cxf.jaxrs.client.AbstractClient.doRunInterceptorChain(AbstractClient.java:710)
	at org.apache.cxf.jaxrs.client.WebClient.doChainedInvocation(WebClient.java:1085)
	... 37 more
Caused by: java.net.UnknownHostException: api.hub.knime.com
	at java.base/jdk.internal.reflect.NativeConstructorAccessorImpl.newInstance0(Native Method)
	at java.base/jdk.internal.reflect.NativeConstructorAccessorImpl.newInstance(Unknown Source)
	at java.base/jdk.internal.reflect.DelegatingConstructorAccessorImpl.newInstance(Unknown Source)
	at java.base/java.lang.reflect.Constructor.newInstanceWithCaller(Unknown Source)
	at java.base/java.lang.reflect.Constructor.newInstance(Unknown Source)
	at java.base/sun.net.www.protocol.http.HttpURLConnection$10.run(Unknown Source)
	at java.base/sun.net.www.protocol.http.HttpURLConnection$10.run(Unknown Source)
	at java.base/java.security.AccessController.doPrivileged(Unknown Source)
	at java.base/sun.net.www.protocol.http.HttpURLConnection.getChainedException(Unknown Source)
	at java.base/sun.net.www.protocol.http.HttpURLConnection.getInputStream0(Unknown Source)
	at java.base/sun.net.www.protocol.http.HttpURLConnection.getInputStream(Unknown Source)
	at java.base/java.net.HttpURLConnection.getResponseCode(Unknown Source)
	at java.base/sun.net.www.protocol.https.HttpsURLConnectionImpl.getResponseCode(Unknown Source)
	at org.apache.cxf.transport.http.URLConnectionHTTPConduit$URLConnectionWrappedOutputStream$2.run(URLConnectionHTTPConduit.java:370)
	at org.apache.cxf.transport.http.URLConnectionHTTPConduit$URLConnectionWrappedOutputStream$2.run(URLConnectionHTTPConduit.java:366)
	at java.base/java.security.AccessController.doPrivileged(Unknown Source)
	at org.apache.cxf.transport.http.URLConnectionHTTPConduit$URLConnectionWrappedOutputStream.getResponseCode(URLConnectionHTTPConduit.java:366)
	at org.apache.cxf.transport.http.HTTPConduit$WrappedOutputStream.processRetransmit(HTTPConduit.java:1503)
	at org.apache.cxf.transport.http.HTTPConduit$WrappedOutputStream.handleRetransmits(HTTPConduit.java:1490)
	at org.apache.cxf.transport.http.HTTPConduit$WrappedOutputStream.handleResponse(HTTPConduit.java:1621)
	at org.apache.cxf.transport.http.HTTPConduit$WrappedOutputStream.close(HTTPConduit.java:1420)
	... 45 more
Caused by: java.net.UnknownHostException: api.hub.knime.com
	at java.base/sun.nio.ch.NioSocketImpl.connect(Unknown Source)
	at java.base/java.net.Socket.connect(Unknown Source)
	at java.base/sun.net.NetworkClient.doConnect(Unknown Source)
	at java.base/sun.net.www.http.HttpClient.openServer(Unknown Source)
	at java.base/sun.net.www.http.HttpClient.openServer(Unknown Source)
	at java.base/sun.net.www.protocol.https.HttpsClient.<init>(Unknown Source)
	at java.base/sun.net.www.protocol.https.HttpsClient.New(Unknown Source)
	at java.base/sun.net.www.protocol.https.AbstractDelegateHttpsURLConnection.getNewHttpClient(Unknown Source)
	at java.base/sun.net.www.protocol.http.HttpURLConnection.plainConnect0(Unknown Source)
	at java.base/sun.net.www.protocol.http.HttpURLConnection.plainConnect(Unknown Source)
	at java.base/sun.net.www.protocol.https.AbstractDelegateHttpsURLConnection.connect(Unknown Source)
	at java.base/sun.net.www.protocol.http.HttpURLConnection.getInputStream0(Unknown Source)
	at java.base/sun.net.www.protocol.http.HttpURLConnection.getInputStream(Unknown Source)
	at java.base/sun.net.www.protocol.http.HttpURLConnection.getHeaderFields(Unknown Source)
	at java.base/sun.net.www.protocol.https.HttpsURLConnectionImpl.getHeaderFields(Unknown Source)
	at org.apache.cxf.transport.http.Headers.readFromConnection(Headers.java:280)
	at org.apache.cxf.transport.http.URLConnectionHTTPConduit$URLConnectionWrappedOutputStream.updateCookiesBeforeRetransmit(URLConnectionHTTPConduit.java:330)
	at org.apache.cxf.transport.http.HTTPConduit$WrappedOutputStream.handleRetransmits(HTTPConduit.java:1488)
	... 47 more
